Asterisk (*) preceding a constraint indicates it was not met.
   This may be due to a setup or hold violation.

------------------------------------------------------------------------------------------------------
  Constraint                                |  Check  | Worst Case |  Best Case | Timing |   Timing   
                                            |         |    Slack   | Achievable | Errors |    Score   
------------------------------------------------------------------------------------------------------
  Autotimespec constraint for clock net Ins | SETUP   |         N/A|     4.296ns|     N/A|           0
  t_CRU/fpga_100m_clk_s                     | HOLD    |     0.426ns|            |       0|           0
------------------------------------------------------------------------------------------------------


Derived Constraint Report
Derived Constraints for Inst_CRU/fpga_100m_clk_s
+-------------------------------+-------------+-------------+-------------+-------------+-------------+-------------+-------------+
|                               |   Period    |       Actual Period       |      Timing Errors        |      Paths Analyzed       |
|           Constraint          | Requirement |-------------+-------------|-------------+-------------|-------------+-------------|
|                               |             |   Direct    | Derivative  |   Direct    | Derivative  |   Direct    | Derivative  |
+-------------------------------+-------------+-------------+-------------+-------------+-------------+-------------+-------------+
|Inst_CRU/fpga_100m_clk_s       |      4.400ns|      4.296ns|          N/A|            0|            0|         1461|            0|
| Inst_CRU/Inst_PLL_ALL/CLKOUT0_|      4.400ns|          N/A|          N/A|            0|            0|            0|            0|
| BUF                           |             |             |             |             |             |             |             |
+-------------------------------+-------------+-------------+-------------+-------------+-------------+-------------+-------------+

All constraints were met.
INFO:Timing:2761 - N/A entries in the Constraints list may indicate that the 
   constraint does not cover any paths or that it has no requested value.


