Release 10.1.03 Map K.39 (nt)
Xilinx Mapping Report File for Design 'top'

Design Information
------------------
Command Line   : map -ise M:/MASTER/COMPET/Trigger/HW/HDL/CTU/CTU.ise -intstyle
ise -p xc5vlx50t-ff1136-1 -w -logic_opt off -ol high -t 1 -cm area -pr off -k 6
-lc off -power off -o top_map.ncd top.ngd top.pcf 
Target Device  : xc5vlx50t
Target Package : ff1136
Target Speed   : -1
Mapper Version : virtex5 -- $Revision: 1.46.12.2 $
Mapped Date    : Tue Feb 15 13:08:40 2011

Design Summary
--------------
Number of errors:      0
Number of warnings:    1
Slice Logic Utilization:
  Number of Slice Registers:                    31 out of  28,800    1%
    Number used as Flip Flops:                  31
  Number of Slice LUTs:                         75 out of  28,800    1%
    Number used as logic:                       74 out of  28,800    1%
      Number using O6 output only:              59
      Number using O5 output only:              14
      Number using O5 and O6:                    1
    Number used as exclusive route-thru:         1
  Number of route-thrus:                        15 out of  57,600    1%
    Number using O6 output only:                15

Slice Logic Distribution:
  Number of occupied Slices:                    26 out of   7,200    1%
  Number of LUT Flip Flop pairs used:           75
    Number with an unused Flip Flop:            44 out of      75   58%
    Number with an unused LUT:                   0 out of      75    0%
    Number of fully used LUT-FF pairs:          31 out of      75   41%
    Number of unique control sets:               2
    Number of slice register sites lost
      to control set restrictions:               5 out of  28,800    1%

  A LUT Flip Flop pair for this architecture represents one LUT paired with
  one Flip Flop within a slice.  A control set is a unique combination of
  clock, reset, set, and enable signals for a registered element.
  The Slice Logic Distribution report is not meaningful if the design is
  over-mapped for a non-slice resource or if Placement fails.

IO Utilization:
  Number of bonded IOBs:                         5 out of     480    1%
    IOB Flip Flops:                              1
    IOB Master Pads:                             1
    IOB Slave Pads:                              1

Specific Feature Utilization:
  Number of BUFG/BUFGCTRLs:                      2 out of      32    6%
    Number used as BUFGs:                        2
  Number of PLL_ADVs:                            1 out of       6   16%

Peak Memory Usage:  317 MB
Total REAL time to MAP completion:  34 secs 
Total CPU time to MAP completion:   27 secs 

Table of Contents
-----------------
Section 1 - Errors
Section 2 - Warnings
Section 3 - Informational
Section 4 - Removed Logic Summary
Section 5 - Removed Logic
Section 6 - IOB Properties
Section 7 - RPMs
Section 8 - Guide Report
Section 9 - Area Group and Partition Summary
Section 10 - Modular Design Summary
Section 11 - Timing Report
Section 12 - Configuration String Information
Section 13 - Control Set Information
Section 14 - Utilization by Hierarchy

Section 1 - Errors
------------------

Section 2 - Warnings
--------------------

Section 3 - Informational
-------------------------
INFO:MapLib:562 - No environment variables are currently set.
INFO:MapLib:856 - PLL_ADV Inst_CRU/Inst_PLL_ALL/PLL_ADV_INST CLKIN2 pin was
   disconnected because a constant 1 is driving the CLKINSEL pin.
INFO:MapLib:841 - Changing COMPENSATION attribute from SYSTEM_SYNCHRONOUS to
   INTERNAL for PLL_ADV Inst_CRU/Inst_PLL_ALL/PLL_ADV_INST.
INFO:LIT:244 - All of the single ended outputs in this design are using slew
   rate limited output drivers. The delay on speed critical single ended outputs
   can be dramatically reduced by designating them as fast outputs.
INFO:Pack:1716 - Initializing temperature to 85.000 Celsius. (default - Range:
   0.000 to 85.000 Celsius)
INFO:Pack:1720 - Initializing voltage to 0.950 Volts. (default - Range: 0.950 to
   1.050 Volts)
INFO:Map:215 - The Interim Design Summary has been generated in the MAP Report
   (.mrp).
INFO:Pack:1650 - Map created a placed design.

Section 4 - Removed Logic Summary
---------------------------------
   1 block(s) removed
   2 block(s) optimized away
   1 signal(s) removed

Section 5 - Removed Logic
-------------------------

The trimmed logic report below shows the logic removed from your design due to
sourceless or loadless signals, and VCC or ground connections.  If the removal
of a signal or symbol results in the subsequent removal of an additional signal
or symbol, the message explaining that second removal will be indented.  This
indentation will be repeated as a chain of related logic is removed.

To quickly locate the original cause for the removal of a chain of logic, look
above the place where that logic is listed in the trimming report, then locate
the lines that are least indented (begin at the leftmost edge).

Loadless block "Inst_CRU/Inst_PLL_ALL/CLKOUT1_BUFG_INST" (CKBUF) removed.
 The signal "Inst_CRU/Inst_PLL_ALL/CLKOUT1_BUF" is loadless and has been removed.

Optimized Block(s):
TYPE 		BLOCK
GND 		XST_GND
VCC 		XST_VCC

To enable printing of redundant blocks removed and signals merged, set the
detailed map report option and rerun map.

Section 6 - IOB Properties
--------------------------

+-------------------------------------------------------------------------------------------------------------------------------------------------+
| IOB Name                           | Type             | Direction | IO Standard          | Drive    | Slew | Reg (s)      | Resistor | IOB      |
|                                    |                  |           |                      | Strength | Rate |              |          | Delay    |
+-------------------------------------------------------------------------------------------------------------------------------------------------+
| FPGA100M                           | IOB              | INPUT     | LVCMOS25             |          |      |              |          |          |
| MCLK100                            | IOBM             | OUTPUT    | LVDS_25              |          |      | ODDR         |          |          |
| MCLK100_b                          | IOBS             | OUTPUT    | See master           |          |      |              |          |          |
| RESET                              | IOB              | INPUT     | LVCMOS25             |          |      |              |          |          |
| RESET_ROC                          | IOB              | OUTPUT    | LVCMOS25             | 12       | SLOW |              |          |          |
+-------------------------------------------------------------------------------------------------------------------------------------------------+

Section 7 - RPMs
----------------

Section 8 - Guide Report
------------------------
Guide not run on this design.

Section 9 - Area Group and Partition Summary
--------------------------------------------

Partition Implementation Status
-------------------------------

  No Partitions were found in this design.

-------------------------------

Area Group Information
----------------------

  No area groups were found in this design.

----------------------

Section 10 - Modular Design Summary
-----------------------------------
Modular Design not used for this design.

Section 11 - Timing Report
--------------------------
A logic-level (pre-route) timing report can be generated by using Xilinx static
timing analysis tools, Timing Analyzer (GUI) or TRCE (command line), with the
mapped NCD and PCF files. Please note that this timing report will be generated
using estimated delay information. For accurate numbers, please generate a
timing report with the post Place and Route NCD file.

For more information about the Timing Analyzer, consult the Xilinx Timing
Analyzer Reference Manual; for more information about TRCE, consult the Xilinx
Development System Reference Guide "TRACE" chapter.

Section 12 - Configuration String Details
-----------------------------------------
Use the "-detail" map option to print out Configuration Strings

Section 13 - Control Set Information
------------------------------------
Use the "-detail" map option to print out Control Set Information.

Section 14 - Utilization by Hierarchy
-------------------------------------
+------------------------------------------------------------------------------------------------------------------------------------------------------------------------------------------+
| Module             | Partition | Slices*       | Slice Reg     | LUTs          | LUTRAM        | BRAM/FIFO | DSP48E  | BUFG  | BUFIO | BUFR  | DCM   | PLL   | Full Hierarchical Name    |
+------------------------------------------------------------------------------------------------------------------------------------------------------------------------------------------+
| top/               |           | 4/27          | 0/31          | 15/75         | 0/0           | 0/0       | 0/0     | 0/2   | 0/0   | 0/0   | 0/0   | 0/1   | top                       |
| +Inst_CRU          |           | 23/23         | 31/31         | 60/60         | 0/0           | 0/0       | 0/0     | 1/2   | 0/0   | 0/0   | 0/0   | 0/1   | top/Inst_CRU              |
| ++Inst_PLL_ALL     |           | 0/0           | 0/0           | 0/0           | 0/0           | 0/0       | 0/0     | 1/1   | 0/0   | 0/0   | 0/0   | 1/1   | top/Inst_CRU/Inst_PLL_ALL |
+------------------------------------------------------------------------------------------------------------------------------------------------------------------------------------------+

* Slices can be packed with basic elements from multiple hierarchies.
  Therefore, a slice will be counted in every hierarchical module
  that each of its packed basic elements belong to.
** For each column, there are two numbers reported <A>/<B>.
   <A> is the number of elements that belong to that specific hierarchical module.
   <B> is the total number of elements from that hierarchical module and any lower level
   hierarchical modules below.
*** The LUTRAM column counts all LUTs used as memory including RAM, ROM, and shift registers.
