Release 12.4 - ngc2edif M.81d (nt)
Copyright (c) 1995-2010 Xilinx, Inc.  All rights reserved.
Reading design top.ngc ...
WARNING:NetListWriters:298 - No output is written to top.xncf, ignored.
Processing design ...
   Preping design's networks ...
   Preping design's macros ...
  finished :Prep
Writing EDIF netlist file top.edif ...
ngc2edif: Total memory usage is 36676 kilobytes

Release 12.4 - ngc2edif M.81d (nt)
Copyright (c) 1995-2010 Xilinx, Inc.  All rights reserved.
Reading design top.ngc ...
WARNING:NetListWriters:298 - No output is written to top.xncf, ignored.
Processing design ...
   Preping design's networks ...
   Preping design's macros ...
  finished :Prep
Writing EDIF netlist file top.edif ...
ngc2edif: Total memory usage is 36676 kilobytes

