Release 10.1.03 - xst K.39 (nt)
Copyright (c) 1995-2008 Xilinx, Inc.  All rights reserved.
--> Parameter TMPDIR set to M:/MASTER/COMPET/Trigger/HW/HDL/CRU/xst/projnav.tmp


Total REAL time to Xst completion: 1.00 secs
Total CPU time to Xst completion: 0.13 secs
 
--> Parameter xsthdpdir set to M:/MASTER/COMPET/Trigger/HW/HDL/CRU/xst


Total REAL time to Xst completion: 1.00 secs
Total CPU time to Xst completion: 0.13 secs
 
--> Reading design: CRU.prj

TABLE OF CONTENTS
  1) Synthesis Options Summary
  2) HDL Compilation
  3) Design Hierarchy Analysis
  4) HDL Analysis
  5) HDL Synthesis
     5.1) HDL Synthesis Report
  6) Advanced HDL Synthesis
     6.1) Advanced HDL Synthesis Report
  7) Low Level Synthesis
  8) Partition Report
  9) Final Report
     9.1) Device utilization summary
     9.2) Partition Resource Summary
     9.3) TIMING REPORT


=========================================================================
*                      Synthesis Options Summary                        *
=========================================================================
---- Source Parameters
Input File Name                    : "CRU.prj"
Input Format                       : mixed
Ignore Synthesis Constraint File   : NO

---- Target Parameters
Output File Name                   : "CRU"
Output Format                      : NGC
Target Device                      : xc5vlx50t-1-ff1136

---- Source Options
Top Module Name                    : CRU
Automatic FSM Extraction           : YES
FSM Encoding Algorithm             : Auto
Safe Implementation                : No
FSM Style                          : lut
RAM Extraction                     : Yes
RAM Style                          : Auto
ROM Extraction                     : Yes
Mux Style                          : Auto
Decoder Extraction                 : YES
Priority Encoder Extraction        : YES
Shift Register Extraction          : YES
Logical Shifter Extraction         : YES
XOR Collapsing                     : YES
ROM Style                          : Auto
Mux Extraction                     : YES
Resource Sharing                   : YES
Asynchronous To Synchronous        : NO
Use DSP Block                      : auto
Automatic Register Balancing       : No

---- Target Options
LUT Combining                      : off
Reduce Control Sets                : off
Add IO Buffers                     : YES
Global Maximum Fanout              : 100000
Add Generic Clock Buffer(BUFG)     : 32
Register Duplication               : YES
Slice Packing                      : YES
Optimize Instantiated Primitives   : NO
Use Clock Enable                   : Auto
Use Synchronous Set                : Auto
Use Synchronous Reset              : Auto
Pack IO Registers into IOBs        : auto
Equivalent register Removal        : YES

---- General Options
Optimization Goal                  : Speed
Optimization Effort                : 1
Power Reduction                    : NO
Library Search Order               : CRU.lso
Keep Hierarchy                     : NO
Netlist Hierarchy                  : as_optimized
RTL Output                         : Yes
Global Optimization                : AllClockNets
Read Cores                         : YES
Write Timing Constraints           : NO
Cross Clock Analysis               : NO
Hierarchy Separator                : /
Bus Delimiter                      : <>
Case Specifier                     : maintain
Slice Utilization Ratio            : 100
BRAM Utilization Ratio             : 100
DSP48 Utilization Ratio            : 100
Verilog 2001                       : YES
Auto BRAM Packing                  : NO
Slice Utilization Ratio Delta      : 5

=========================================================================


=========================================================================
*                          HDL Compilation                              *
=========================================================================
Compiling vhdl file "//aristoteles/kimei/MASTER/COMPET/Trigger/HW/HDL/Shared/components.vhd" in Library work.
Compiling vhdl file "//aristoteles/kimei/MASTER/COMPET/Trigger/HW/HDL/CRU/PLL_ALL.vhd" in Library work.
Entity <pll_all> compiled.
Entity <pll_all> (Architecture <behavioral>) compiled.
Compiling vhdl file "//aristoteles/kimei/MASTER/COMPET/Trigger/HW/HDL/CRU/CRU.vhd" in Library work.
Architecture behavioral of Entity cru is up to date.

=========================================================================
*                     Design Hierarchy Analysis                         *
=========================================================================
Analyzing hierarchy for entity <CRU> in library <work> (architecture <behavioral>).

Analyzing hierarchy for entity <PLL_ALL> in library <work> (architecture <behavioral>).


=========================================================================
*                            HDL Analysis                               *
=========================================================================
Analyzing Entity <CRU> in library <work> (Architecture <behavioral>).
Entity <CRU> analyzed. Unit <CRU> generated.

Analyzing Entity <PLL_ALL> in library <work> (Architecture <behavioral>).
    Set user-defined property "CAPACITANCE =  DONT_CARE" for instance <CLKIN1_IBUFG_INST> in unit <PLL_ALL>.
    Set user-defined property "IBUF_DELAY_VALUE =  0" for instance <CLKIN1_IBUFG_INST> in unit <PLL_ALL>.
    Set user-defined property "IOSTANDARD =  DEFAULT" for instance <CLKIN1_IBUFG_INST> in unit <PLL_ALL>.
    Set user-defined property "BANDWIDTH =  OPTIMIZED" for instance <PLL_ADV_INST> in unit <PLL_ALL>.
    Set user-defined property "CLKFBOUT_DESKEW_ADJUST =  NONE" for instance <PLL_ADV_INST> in unit <PLL_ALL>.
    Set user-defined property "CLKFBOUT_MULT =  8" for instance <PLL_ADV_INST> in unit <PLL_ALL>.
    Set user-defined property "CLKFBOUT_PHASE =  0.0000000000000000" for instance <PLL_ADV_INST> in unit <PLL_ALL>.
    Set user-defined property "CLKIN1_PERIOD =  10.0000000000000000" for instance <PLL_ADV_INST> in unit <PLL_ALL>.
    Set user-defined property "CLKIN2_PERIOD =  10.0000000000000000" for instance <PLL_ADV_INST> in unit <PLL_ALL>.
    Set user-defined property "CLKOUT0_DESKEW_ADJUST =  NONE" for instance <PLL_ADV_INST> in unit <PLL_ALL>.
    Set user-defined property "CLKOUT0_DIVIDE =  8" for instance <PLL_ADV_INST> in unit <PLL_ALL>.
    Set user-defined property "CLKOUT0_DUTY_CYCLE =  0.5000000000000000" for instance <PLL_ADV_INST> in unit <PLL_ALL>.
    Set user-defined property "CLKOUT0_PHASE =  90.0000000000000000" for instance <PLL_ADV_INST> in unit <PLL_ALL>.
    Set user-defined property "CLKOUT1_DESKEW_ADJUST =  NONE" for instance <PLL_ADV_INST> in unit <PLL_ALL>.
    Set user-defined property "CLKOUT1_DIVIDE =  8" for instance <PLL_ADV_INST> in unit <PLL_ALL>.
    Set user-defined property "CLKOUT1_DUTY_CYCLE =  0.7500000000000000" for instance <PLL_ADV_INST> in unit <PLL_ALL>.
    Set user-defined property "CLKOUT1_PHASE =  0.0000000000000000" for instance <PLL_ADV_INST> in unit <PLL_ALL>.
    Set user-defined property "CLKOUT2_DESKEW_ADJUST =  NONE" for instance <PLL_ADV_INST> in unit <PLL_ALL>.
    Set user-defined property "CLKOUT2_DIVIDE =  1" for instance <PLL_ADV_INST> in unit <PLL_ALL>.
    Set user-defined property "CLKOUT2_DUTY_CYCLE =  0.5000000000000000" for instance <PLL_ADV_INST> in unit <PLL_ALL>.
    Set user-defined property "CLKOUT2_PHASE =  0.0000000000000000" for instance <PLL_ADV_INST> in unit <PLL_ALL>.
    Set user-defined property "CLKOUT3_DESKEW_ADJUST =  NONE" for instance <PLL_ADV_INST> in unit <PLL_ALL>.
    Set user-defined property "CLKOUT3_DIVIDE =  1" for instance <PLL_ADV_INST> in unit <PLL_ALL>.
    Set user-defined property "CLKOUT3_DUTY_CYCLE =  0.5000000000000000" for instance <PLL_ADV_INST> in unit <PLL_ALL>.
    Set user-defined property "CLKOUT3_PHASE =  0.0000000000000000" for instance <PLL_ADV_INST> in unit <PLL_ALL>.
    Set user-defined property "CLKOUT4_DESKEW_ADJUST =  NONE" for instance <PLL_ADV_INST> in unit <PLL_ALL>.
    Set user-defined property "CLKOUT4_DIVIDE =  1" for instance <PLL_ADV_INST> in unit <PLL_ALL>.
    Set user-defined property "CLKOUT4_DUTY_CYCLE =  0.5000000000000000" for instance <PLL_ADV_INST> in unit <PLL_ALL>.
    Set user-defined property "CLKOUT4_PHASE =  0.0000000000000000" for instance <PLL_ADV_INST> in unit <PLL_ALL>.
    Set user-defined property "CLKOUT5_DESKEW_ADJUST =  NONE" for instance <PLL_ADV_INST> in unit <PLL_ALL>.
    Set user-defined property "CLKOUT5_DIVIDE =  1" for instance <PLL_ADV_INST> in unit <PLL_ALL>.
    Set user-defined property "CLKOUT5_DUTY_CYCLE =  0.5000000000000000" for instance <PLL_ADV_INST> in unit <PLL_ALL>.
    Set user-defined property "CLKOUT5_PHASE =  0.0000000000000000" for instance <PLL_ADV_INST> in unit <PLL_ALL>.
    Set user-defined property "COMPENSATION =  SYSTEM_SYNCHRONOUS" for instance <PLL_ADV_INST> in unit <PLL_ALL>.
    Set user-defined property "DIVCLK_DIVIDE =  1" for instance <PLL_ADV_INST> in unit <PLL_ALL>.
    Set user-defined property "EN_REL =  FALSE" for instance <PLL_ADV_INST> in unit <PLL_ALL>.
    Set user-defined property "PLL_PMCD_MODE =  FALSE" for instance <PLL_ADV_INST> in unit <PLL_ALL>.
    Set user-defined property "REF_JITTER =  0.0000000000000000" for instance <PLL_ADV_INST> in unit <PLL_ALL>.
    Set user-defined property "RESET_ON_LOSS_OF_LOCK =  FALSE" for instance <PLL_ADV_INST> in unit <PLL_ALL>.
    Set user-defined property "RST_DEASSERT_CLK =  CLKIN1" for instance <PLL_ADV_INST> in unit <PLL_ALL>.
Entity <PLL_ALL> analyzed. Unit <PLL_ALL> generated.


=========================================================================
*                           HDL Synthesis                               *
=========================================================================

Performing bidirectional port resolution...

Synthesizing Unit <PLL_ALL>.
    Related source file is "//aristoteles/kimei/MASTER/COMPET/Trigger/HW/HDL/CRU/PLL_ALL.vhd".
Unit <PLL_ALL> synthesized.


Synthesizing Unit <CRU>.
    Related source file is "//aristoteles/kimei/MASTER/COMPET/Trigger/HW/HDL/CRU/CRU.vhd".
WARNING:Xst:1306 - Output <mrst> is never assigned.
WARNING:Xst:1306 - Output <lrst> is never assigned.
WARNING:Xst:646 - Signal <clk_lock> is assigned but never used. This unconnected signal will be trimmed during the optimization process.
Unit <CRU> synthesized.


=========================================================================
HDL Synthesis Report

Found no macro
=========================================================================

=========================================================================
*                       Advanced HDL Synthesis                          *
=========================================================================

Loading device for application Rf_Device from file '5vlx50t.nph' in environment C:\Xilinx\10.1\ISE.

=========================================================================
Advanced HDL Synthesis Report

Found no macro
=========================================================================

=========================================================================
*                         Low Level Synthesis                           *
=========================================================================

Optimizing unit <CRU> ...

Mapping all equations...
Building and optimizing final netlist ...
Found area constraint ratio of 100 (+ 5) on block CRU, actual ratio is 0.

Final Macro Processing ...

=========================================================================
Final Register Report

Found no macro
=========================================================================

=========================================================================
*                           Partition Report                             *
=========================================================================

Partition Implementation Status
-------------------------------

  No Partitions were found in this design.

-------------------------------

=========================================================================
*                            Final Report                               *
=========================================================================
Final Results
RTL Top Level Output File Name     : CRU.ngr
Top Level Output File Name         : CRU
Output Format                      : NGC
Optimization Goal                  : Speed
Keep Hierarchy                     : NO

Design Statistics
# IOs                              : 6

Cell Usage :
# BELS                             : 2
#      GND                         : 1
#      VCC                         : 1
# Clock Buffers                    : 2
#      BUFG                        : 2
# IO Buffers                       : 4
#      IBUF                        : 1
#      IBUFG                       : 1
#      OBUF                        : 2
# Others                           : 1
#      PLL_ADV                     : 1
=========================================================================

Device utilization summary:
---------------------------

Selected Device : 5vlx50tff1136-1 


Slice Logic Utilization: 

Slice Logic Distribution: 
 Number of LUT Flip Flop pairs used:      0
   Number with an unused Flip Flop:       0  out of      0         
   Number with an unused LUT:             0  out of      0         
   Number of fully used LUT-FF pairs:     0  out of      0         
   Number of unique control sets:         0

IO Utilization: 
 Number of IOs:                           6
 Number of bonded IOBs:                   4  out of    480     0%  

Specific Feature Utilization:
 Number of BUFG/BUFGCTRLs:                2  out of     32     6%  
 Number of PLL_ADVs:                      1  out of      6    16%  

---------------------------
Partition Resource Summary:
---------------------------

  No Partitions were found in this design.

---------------------------


=========================================================================
TIMING REPORT

NOTE: THESE TIMING NUMBERS ARE ONLY A SYNTHESIS ESTIMATE.
      FOR ACCURATE TIMING INFORMATION PLEASE REFER TO THE TRACE REPORT
      GENERATED AFTER PLACE-and-ROUTE.

Clock Information:
------------------
No clock signals found in this design

Asynchronous Control Signals Information:
----------------------------------------
No asynchronous control signals found in this design

Timing Summary:
---------------
Speed Grade: -1

   Minimum period: No path found
   Minimum input arrival time before clock: No path found
   Maximum output required time after clock: No path found
   Maximum combinational path delay: 1.154ns

Timing Detail:
--------------
All values displayed in nanoseconds (ns)

=========================================================================
Timing constraint: Default path analysis
  Total number of paths / destination ports: 3 / 3
-------------------------------------------------------------------------
Delay:               1.154ns (Levels of Logic = 1)
  Source:            fpga_100m_clk (PAD)
  Destination:       Inst_PLL_ALL/PLL_ADV_INST:CLKIN1 (PAD)

  Data Path: fpga_100m_clk to Inst_PLL_ALL/PLL_ADV_INST:CLKIN1
                                Gate     Net
    Cell:in->out      fanout   Delay   Delay  Logical Name (Net Name)
    ----------------------------------------  ------------
     IBUFG:I->O            1   0.818   0.336  Inst_PLL_ALL/CLKIN1_IBUFG_INST (Inst_PLL_ALL/CLKIN1_IBUFG)
    PLL_ADV:CLKIN1             0.000          Inst_PLL_ALL/PLL_ADV_INST
    ----------------------------------------
    Total                      1.154ns (0.818ns logic, 0.336ns route)
                                       (70.9% logic, 29.1% route)

=========================================================================


Total REAL time to Xst completion: 13.00 secs
Total CPU time to Xst completion: 12.67 secs
 
--> 

Total memory usage is 269916 kilobytes

Number of errors   :    0 (   0 filtered)
Number of warnings :    3 (   0 filtered)
Number of infos    :    0 (   0 filtered)

